d:\01_dev\vs_server\vs_server\vs_server\release\vs_server.pch
d:\01_dev\vs_server\vs_server\vs_server\release\vc142.pdb
d:\01_dev\vs_server\vs_server\vs_server\release\stdafx.obj
d:\01_dev\vs_server\vs_server\vs_server\release\tcpclientmanager.obj
d:\01_dev\vs_server\vs_server\vs_server\release\tcpclient.obj
d:\01_dev\vs_server\vs_server\vs_server\release\sortstring.obj
d:\01_dev\vs_server\vs_server\vs_server\release\search_dlg.obj
d:\01_dev\vs_server\vs_server\vs_server\release\login_dlg.obj
d:\01_dev\vs_server\vs_server\vs_server\release\certify.obj
d:\01_dev\vs_server\vs_server\vs_server\release\admin_dlg.obj
d:\01_dev\vs_server\vs_server\vs_server\release\wizardhelper.obj
d:\01_dev\vs_server\vs_server\vs_server\release\lpr_plate.obj
d:\01_dev\vs_server\vs_server\vs_server\release\lpr_dip.obj
d:\01_dev\vs_server\vs_server\vs_server\release\lpr_common.obj
d:\01_dev\vs_server\vs_server\vs_server\release\lpr_char.obj
d:\01_dev\vs_server\vs_server\vs_server\release\tk_lib_helper.obj
d:\01_dev\vs_server\vs_server\vs_server\release\tk_conf.obj
d:\01_dev\vs_server\vs_server\vs_server\release\img_proc.obj
d:\01_dev\vs_server\vs_server\vs_server\release\dip_helper.obj
d:\01_dev\vs_server\vs_server\vs_server\release\packet.obj
d:\01_dev\vs_server\vs_server\vs_server\release\message.obj
d:\01_dev\vs_server\vs_server\vs_server\release\util.obj
d:\01_dev\vs_server\vs_server\vs_server\release\svr_doc.obj
d:\01_dev\vs_server\vs_server\vs_server\release\ado.obj
d:\01_dev\vs_server\vs_server\vs_server\release\tinywindow.obj
d:\01_dev\vs_server\vs_server\vs_server\release\msgcontroller.obj
d:\01_dev\vs_server\vs_server\vs_server\release\controller.obj
d:\01_dev\vs_server\vs_server\vs_server\release\queryprocessor.obj
d:\01_dev\vs_server\vs_server\vs_server\release\filemanager.obj
d:\01_dev\vs_server\vs_server\vs_server\release\dbmanager.obj
d:\01_dev\vs_server\vs_server\vs_server\release\udpclient.obj
d:\01_dev\vs_server\vs_server\vs_server\release\tcpserver.obj
d:\01_dev\vs_server\vs_server\vs_server\release\msado15.tli
d:\01_dev\vs_server\vs_server\vs_server\release\msado15.tlh
d:\01_dev\vs_server\vs_server\vs_server\release\vs_server.tlog\cl.command.1.tlog
d:\01_dev\vs_server\vs_server\vs_server\release\vs_server.tlog\cl.read.1.tlog
d:\01_dev\vs_server\vs_server\vs_server\release\vs_server.tlog\cl.write.1.tlog
